[2021-05-25T14:53:42.687] [DEBUG] cheese - login => username:admin,password:123456
[2021-05-25T14:53:42.688] [DEBUG] cheese - admin
[2021-05-25T14:53:42.703] [DEBUG] cheese - null
[2021-05-25T14:53:42.703] [DEBUG] cheese - null
[2022-03-10T00:47:25.553] [DEBUG] cheese - login => username:admin,password:123456
[2022-03-10T00:47:25.554] [DEBUG] cheese - admin
[2022-03-10T00:47:25.604] [DEBUG] cheese - null
[2022-03-10T00:47:25.604] [DEBUG] cheese - null
[2022-03-10T00:47:32.194] [DEBUG] cheese - login => username:admin,password:123456
[2022-03-10T00:47:32.194] [DEBUG] cheese - admin
[2022-03-10T00:47:32.197] [DEBUG] cheese - null
[2022-03-10T00:47:32.197] [DEBUG] cheese - null
[2022-03-10T00:47:38.424] [DEBUG] cheese - login => username:admin,password:123456
[2022-03-10T00:47:38.424] [DEBUG] cheese - admin
[2022-03-10T00:47:38.426] [DEBUG] cheese - null
[2022-03-10T00:47:38.426] [DEBUG] cheese - null
[2022-03-10T00:47:49.034] [DEBUG] cheese - login => username:hxh,password:123456
[2022-03-10T00:47:49.034] [DEBUG] cheese - hxh
[2022-03-10T00:47:49.036] [DEBUG] cheese - null
[2022-03-10T00:47:49.036] [DEBUG] cheese - null
[2022-03-10T00:47:53.251] [DEBUG] cheese - login => username:admin,password:123456
[2022-03-10T00:47:53.251] [DEBUG] cheese - admin
[2022-03-10T00:47:53.253] [DEBUG] cheese - null
[2022-03-10T00:47:53.253] [DEBUG] cheese - null
[2022-03-10T00:54:24.938] [DEBUG] cheese - login => username:admin,password:123456
[2022-03-10T00:54:24.938] [DEBUG] cheese - admin
[2022-03-10T00:54:24.940] [DEBUG] cheese - null
[2022-03-10T00:54:24.940] [DEBUG] cheese - null
[2022-03-10T00:55:00.997] [DEBUG] cheese - login => username:hxh,password:456
[2022-03-10T00:55:00.998] [DEBUG] cheese - hxh
[2022-03-10T00:55:00.999] [DEBUG] cheese - null
[2022-03-10T00:55:00.999] [DEBUG] cheese - null
[2022-03-10T00:55:08.090] [DEBUG] cheese - login => username:admin,password:456
[2022-03-10T00:55:08.090] [DEBUG] cheese - admin
[2022-03-10T00:55:08.091] [DEBUG] cheese - null
[2022-03-10T00:55:08.091] [DEBUG] cheese - null
[2022-03-10T00:55:14.188] [DEBUG] cheese - login => username:admin,password:123456
[2022-03-10T00:55:14.188] [DEBUG] cheese - admin
[2022-03-10T00:55:14.190] [DEBUG] cheese - null
[2022-03-10T00:55:14.190] [DEBUG] cheese - null
[2022-03-12T16:39:05.794] [DEBUG] cheese - login => username:admin,password:123456
[2022-03-12T16:39:05.796] [DEBUG] cheese - admin
[2022-03-12T16:39:05.883] [DEBUG] cheese - null
[2022-03-12T16:39:05.883] [DEBUG] cheese - null
[2022-03-12T16:39:20.342] [DEBUG] cheese - login => username:admin,password:12345
[2022-03-12T16:39:20.342] [DEBUG] cheese - admin
[2022-03-12T16:39:20.344] [DEBUG] cheese - null
[2022-03-12T16:39:20.345] [DEBUG] cheese - null
[2022-03-12T16:39:23.376] [DEBUG] cheese - login => username:admin,password:123456
[2022-03-12T16:39:23.376] [DEBUG] cheese - admin
[2022-03-12T16:39:23.378] [DEBUG] cheese - null
[2022-03-12T16:39:23.378] [DEBUG] cheese - null
[2022-03-12T16:46:26.426] [DEBUG] cheese - login => username:admin,password:123456
[2022-03-12T16:46:26.427] [DEBUG] cheese - admin
[2022-03-12T16:46:26.429] [DEBUG] cheese - null
[2022-03-12T16:46:26.429] [DEBUG] cheese - null
[2022-03-12T16:47:23.146] [DEBUG] cheese - login => username:admin,password:123456
[2022-03-12T16:47:23.146] [DEBUG] cheese - admin
[2022-03-12T16:47:23.148] [DEBUG] cheese - null
[2022-03-12T16:47:23.148] [DEBUG] cheese - null
[2022-03-12T16:47:27.592] [DEBUG] cheese - login => username:admin,password:12345
[2022-03-12T16:47:27.592] [DEBUG] cheese - admin
[2022-03-12T16:47:27.594] [DEBUG] cheese - null
[2022-03-12T16:47:27.595] [DEBUG] cheese - null
[2022-03-12T16:47:37.525] [DEBUG] cheese - login => username:admin,password:12222
[2022-03-12T16:47:37.525] [DEBUG] cheese - admin
[2022-03-12T16:47:37.527] [DEBUG] cheese - null
[2022-03-12T16:47:37.527] [DEBUG] cheese - null
[2022-03-12T16:48:07.897] [DEBUG] cheese - login => username:admin,password:123456
[2022-03-12T16:48:07.897] [DEBUG] cheese - admin
[2022-03-12T16:48:07.899] [DEBUG] cheese - null
[2022-03-12T16:48:07.899] [DEBUG] cheese - null
[2022-03-12T16:48:09.077] [DEBUG] cheese - login => username:admin,password:123456
[2022-03-12T16:48:09.077] [DEBUG] cheese - admin
[2022-03-12T16:48:09.079] [DEBUG] cheese - null
[2022-03-12T16:48:09.079] [DEBUG] cheese - null
[2022-03-12T16:48:12.306] [DEBUG] cheese - login => username:admin,password:123
[2022-03-12T16:48:12.306] [DEBUG] cheese - admin
[2022-03-12T16:48:12.309] [DEBUG] cheese - null
[2022-03-12T16:48:12.309] [DEBUG] cheese - null
[2022-03-12T16:48:13.234] [DEBUG] cheese - login => username:admin,password:123
[2022-03-12T16:48:13.234] [DEBUG] cheese - admin
[2022-03-12T16:48:13.236] [DEBUG] cheese - null
[2022-03-12T16:48:13.236] [DEBUG] cheese - null
[2022-03-12T16:48:24.974] [DEBUG] cheese - login => username:admin,password:123
[2022-03-12T16:48:24.974] [DEBUG] cheese - admin
[2022-03-12T16:48:24.977] [DEBUG] cheese - null
[2022-03-12T16:48:24.977] [DEBUG] cheese - null
[2022-03-12T16:48:28.405] [DEBUG] cheese - login => username:admin,password:123456
[2022-03-12T16:48:28.405] [DEBUG] cheese - admin
[2022-03-12T16:48:28.407] [DEBUG] cheese - null
[2022-03-12T16:48:28.407] [DEBUG] cheese - null
[2022-03-12T16:48:41.157] [DEBUG] cheese - login => username:admin,password:12222
[2022-03-12T16:48:41.157] [DEBUG] cheese - admin
[2022-03-12T16:48:41.158] [DEBUG] cheese - null
[2022-03-12T16:48:41.158] [DEBUG] cheese - null
[2022-03-12T16:48:48.156] [DEBUG] cheese - login => username:hxh,password:12222
[2022-03-12T16:48:48.156] [DEBUG] cheese - hxh
[2022-03-12T16:48:48.159] [DEBUG] cheese - null
[2022-03-12T16:48:48.159] [DEBUG] cheese - null
[2022-03-12T16:48:55.406] [DEBUG] cheese - login => username:hxh,password:12222
[2022-03-12T16:48:55.406] [DEBUG] cheese - hxh
[2022-03-12T16:48:55.407] [DEBUG] cheese - null
[2022-03-12T16:48:55.407] [DEBUG] cheese - null
[2022-03-12T16:49:13.163] [DEBUG] cheese - login => username:admin,password:12345
[2022-03-12T16:49:13.163] [DEBUG] cheese - admin
[2022-03-12T16:49:13.165] [DEBUG] cheese - null
[2022-03-12T16:49:13.165] [DEBUG] cheese - null
[2022-03-12T16:52:32.013] [DEBUG] cheese - login => username:admin,password:123456
[2022-03-12T16:52:32.013] [DEBUG] cheese - admin
[2022-03-12T16:52:32.015] [DEBUG] cheese - null
[2022-03-12T16:52:32.015] [DEBUG] cheese - null
[2022-03-12T16:52:36.778] [DEBUG] cheese - login => username:admin,password:123456
[2022-03-12T16:52:36.778] [DEBUG] cheese - admin
[2022-03-12T16:52:36.780] [DEBUG] cheese - null
[2022-03-12T16:52:36.780] [DEBUG] cheese - null
[2022-03-12T16:52:39.018] [DEBUG] cheese - login => username:admin,password:12345
[2022-03-12T16:52:39.018] [DEBUG] cheese - admin
[2022-03-12T16:52:39.019] [DEBUG] cheese - null
[2022-03-12T16:52:39.020] [DEBUG] cheese - null
[2022-03-13T00:09:25.998] [DEBUG] cheese - login => username:admin,password:123456
[2022-03-13T00:09:25.999] [DEBUG] cheese - admin
[2022-03-13T00:09:26.016] [DEBUG] cheese - null
[2022-03-13T00:09:26.016] [DEBUG] cheese - null
[2022-03-13T00:09:32.272] [DEBUG] cheese - login => username:admin,password:123456
[2022-03-13T00:09:32.272] [DEBUG] cheese - admin
[2022-03-13T00:09:32.273] [DEBUG] cheese - null
[2022-03-13T00:09:32.274] [DEBUG] cheese - null
[2022-03-13T00:17:28.228] [DEBUG] cheese - login => username:admin,password:123456
[2022-03-13T00:17:28.228] [DEBUG] cheese - admin
[2022-03-13T00:17:28.231] [DEBUG] cheese - null
[2022-03-13T00:17:28.231] [DEBUG] cheese - null
[2022-03-13T00:17:32.308] [DEBUG] cheese - login => username:admin,password:1234
[2022-03-13T00:17:32.309] [DEBUG] cheese - admin
[2022-03-13T00:17:32.311] [DEBUG] cheese - null
[2022-03-13T00:17:32.311] [DEBUG] cheese - null
[2022-03-13T00:17:38.749] [DEBUG] cheese - login => username:admin,password:1234
[2022-03-13T00:17:38.749] [DEBUG] cheese - admin
[2022-03-13T00:17:38.751] [DEBUG] cheese - null
[2022-03-13T00:17:38.751] [DEBUG] cheese - null
[2022-03-13T00:21:43.788] [DEBUG] cheese - login => username:admin,password:123456
[2022-03-13T00:21:43.788] [DEBUG] cheese - admin
[2022-03-13T00:21:43.790] [DEBUG] cheese - null
[2022-03-13T00:21:43.790] [DEBUG] cheese - null
[2022-03-13T00:21:46.781] [DEBUG] cheese - login => username:admin,password:123456
[2022-03-13T00:21:46.781] [DEBUG] cheese - admin
[2022-03-13T00:21:46.782] [DEBUG] cheese - null
[2022-03-13T00:21:46.782] [DEBUG] cheese - null
[2022-03-13T00:22:22.365] [DEBUG] cheese - login => username:admin,password:123456
[2022-03-13T00:22:22.365] [DEBUG] cheese - admin
[2022-03-13T00:22:22.367] [DEBUG] cheese - null
[2022-03-13T00:22:22.367] [DEBUG] cheese - null
[2022-03-13T00:23:04.821] [DEBUG] cheese - login => username:admin,password:123456
[2022-03-13T00:23:04.821] [DEBUG] cheese - admin
[2022-03-13T00:23:04.823] [DEBUG] cheese - null
[2022-03-13T00:23:04.823] [DEBUG] cheese - null
[2022-03-13T00:23:28.520] [DEBUG] cheese - login => username:admin,password:123456
[2022-03-13T00:23:28.520] [DEBUG] cheese - admin
[2022-03-13T00:23:28.522] [DEBUG] cheese - null
[2022-03-13T00:23:28.522] [DEBUG] cheese - null
[2022-03-13T00:25:09.456] [DEBUG] cheese - login => username:admin,password:123456
[2022-03-13T00:25:09.457] [DEBUG] cheese - admin
[2022-03-13T00:25:09.461] [DEBUG] cheese - null
[2022-03-13T00:25:09.461] [DEBUG] cheese - null
[2022-03-13T00:28:25.163] [DEBUG] cheese - login => username:admin,password:123456
[2022-03-13T00:28:25.163] [DEBUG] cheese - admin
[2022-03-13T00:28:25.165] [DEBUG] cheese - null
[2022-03-13T00:28:25.165] [DEBUG] cheese - null
[2022-03-13T00:40:28.743] [DEBUG] cheese - login => username:admin,password:123456
[2022-03-13T00:40:28.743] [DEBUG] cheese - admin
[2022-03-13T00:40:28.745] [DEBUG] cheese - null
[2022-03-13T00:40:28.745] [DEBUG] cheese - null
[2022-03-13T00:41:18.222] [DEBUG] cheese - login => username:admin,password:123456
[2022-03-13T00:41:18.222] [DEBUG] cheese - admin
[2022-03-13T00:41:18.225] [DEBUG] cheese - null
[2022-03-13T00:41:18.225] [DEBUG] cheese - null
[2022-03-13T00:41:29.265] [DEBUG] cheese - login => username:admin,password:123456
[2022-03-13T00:41:29.265] [DEBUG] cheese - admin
[2022-03-13T00:41:29.268] [DEBUG] cheese - null
[2022-03-13T00:41:29.268] [DEBUG] cheese - null
[2022-03-13T01:04:16.181] [DEBUG] cheese - login => username:admin,password:123456
[2022-03-13T01:04:16.182] [DEBUG] cheese - admin
[2022-03-13T01:04:16.184] [DEBUG] cheese - null
[2022-03-13T01:04:16.184] [DEBUG] cheese - null
[2022-03-13T01:04:22.072] [DEBUG] cheese - login => username:admin,password:123456
[2022-03-13T01:04:22.072] [DEBUG] cheese - admin
[2022-03-13T01:04:22.073] [DEBUG] cheese - null
[2022-03-13T01:04:22.073] [DEBUG] cheese - null
[2022-03-13T01:04:28.585] [DEBUG] cheese - login => username:admin,password:123456ff
[2022-03-13T01:04:28.586] [DEBUG] cheese - admin
[2022-03-13T01:04:28.587] [DEBUG] cheese - null
[2022-03-13T01:04:28.587] [DEBUG] cheese - null
[2022-03-13T01:04:31.732] [DEBUG] cheese - login => username:admin,password:123456
[2022-03-13T01:04:31.732] [DEBUG] cheese - admin
[2022-03-13T01:04:31.733] [DEBUG] cheese - null
[2022-03-13T01:04:31.733] [DEBUG] cheese - null
[2022-03-13T01:06:26.973] [DEBUG] cheese - login => username:admin,password:123456
[2022-03-13T01:06:26.973] [DEBUG] cheese - admin
[2022-03-13T01:06:26.974] [DEBUG] cheese - null
[2022-03-13T01:06:26.974] [DEBUG] cheese - null
[2022-03-13T01:20:17.955] [DEBUG] cheese - login => username:admin,password:123456
[2022-03-13T01:20:17.956] [DEBUG] cheese - admin
[2022-03-13T01:20:17.957] [DEBUG] cheese - null
[2022-03-13T01:20:17.957] [DEBUG] cheese - null
[2022-03-13T01:20:40.265] [DEBUG] cheese - login => username:admin,password:123456
[2022-03-13T01:20:40.265] [DEBUG] cheese - admin
[2022-03-13T01:20:40.267] [DEBUG] cheese - null
[2022-03-13T01:20:40.267] [DEBUG] cheese - null
[2022-03-13T01:20:47.375] [DEBUG] cheese - login => username:admin,password:123456
[2022-03-13T01:20:47.375] [DEBUG] cheese - admin
[2022-03-13T01:20:47.376] [DEBUG] cheese - null
[2022-03-13T01:20:47.377] [DEBUG] cheese - null
[2022-03-13T01:20:48.553] [DEBUG] cheese - login => username:admin,password:123456
[2022-03-13T01:20:48.553] [DEBUG] cheese - admin
[2022-03-13T01:20:48.554] [DEBUG] cheese - null
[2022-03-13T01:20:48.554] [DEBUG] cheese - null
[2022-03-13T01:20:49.228] [DEBUG] cheese - login => username:admin,password:123456
[2022-03-13T01:20:49.228] [DEBUG] cheese - admin
[2022-03-13T01:20:49.230] [DEBUG] cheese - null
[2022-03-13T01:20:49.230] [DEBUG] cheese - null
[2022-03-13T01:20:49.888] [DEBUG] cheese - login => username:admin,password:123456
[2022-03-13T01:20:49.888] [DEBUG] cheese - admin
[2022-03-13T01:20:49.890] [DEBUG] cheese - null
[2022-03-13T01:20:49.890] [DEBUG] cheese - null
[2022-03-13T01:20:50.424] [DEBUG] cheese - login => username:admin,password:123456
[2022-03-13T01:20:50.424] [DEBUG] cheese - admin
[2022-03-13T01:20:50.425] [DEBUG] cheese - null
[2022-03-13T01:20:50.425] [DEBUG] cheese - null
[2022-03-13T01:22:46.213] [DEBUG] cheese - login => username:admin,password:123456
[2022-03-13T01:22:46.213] [DEBUG] cheese - admin
[2022-03-13T01:22:46.215] [DEBUG] cheese - null
[2022-03-13T01:22:46.215] [DEBUG] cheese - null
[2022-03-13T01:25:34.818] [DEBUG] cheese - login => username:admin,password:123456
[2022-03-13T01:25:34.818] [DEBUG] cheese - admin
[2022-03-13T01:25:34.820] [DEBUG] cheese - null
[2022-03-13T01:25:34.820] [DEBUG] cheese - null
[2022-03-13T01:34:35.920] [DEBUG] cheese - login => username:admin,password:123456
[2022-03-13T01:34:35.920] [DEBUG] cheese - admin
[2022-03-13T01:34:35.924] [DEBUG] cheese - null
[2022-03-13T01:34:35.924] [DEBUG] cheese - null
[2022-03-13T01:34:48.967] [DEBUG] cheese - login => username:admin,password:123456
[2022-03-13T01:34:48.967] [DEBUG] cheese - admin
[2022-03-13T01:34:48.970] [DEBUG] cheese - null
[2022-03-13T01:34:48.970] [DEBUG] cheese - null
[2022-03-13T01:36:02.021] [DEBUG] cheese - login => username:admin,password:123456
[2022-03-13T01:36:02.021] [DEBUG] cheese - admin
[2022-03-13T01:36:02.024] [DEBUG] cheese - null
[2022-03-13T01:36:02.024] [DEBUG] cheese - null
[2022-03-13T01:36:04.941] [DEBUG] cheese - login => username:admin,password:123456
[2022-03-13T01:36:04.942] [DEBUG] cheese - admin
[2022-03-13T01:36:04.944] [DEBUG] cheese - null
[2022-03-13T01:36:04.944] [DEBUG] cheese - null
[2022-03-13T01:36:06.309] [DEBUG] cheese - login => username:admin,password:123456
[2022-03-13T01:36:06.309] [DEBUG] cheese - admin
[2022-03-13T01:36:06.310] [DEBUG] cheese - null
[2022-03-13T01:36:06.310] [DEBUG] cheese - null
[2022-03-13T01:36:28.481] [DEBUG] cheese - login => username:admin,password:123456
[2022-03-13T01:36:28.481] [DEBUG] cheese - admin
[2022-03-13T01:36:28.482] [DEBUG] cheese - null
[2022-03-13T01:36:28.483] [DEBUG] cheese - null
[2022-03-13T10:58:01.389] [DEBUG] cheese - login => username:admin,password:123456
[2022-03-13T10:58:01.390] [DEBUG] cheese - admin
[2022-03-13T10:58:01.400] [DEBUG] cheese - null
[2022-03-13T10:58:01.401] [DEBUG] cheese - null
[2022-03-13T11:45:02.064] [DEBUG] cheese - login => username:admin,password:123456
[2022-03-13T11:45:02.064] [DEBUG] cheese - admin
[2022-03-13T11:45:02.068] [DEBUG] cheese - null
[2022-03-13T11:45:02.068] [DEBUG] cheese - null
[2022-03-13T11:46:42.450] [DEBUG] cheese - login => username:admin,password:123456
[2022-03-13T11:46:42.450] [DEBUG] cheese - admin
[2022-03-13T11:46:42.452] [DEBUG] cheese - null
[2022-03-13T11:46:42.452] [DEBUG] cheese - null
[2022-03-14T08:33:53.999] [DEBUG] cheese - login => username:admin,password:123456
[2022-03-14T08:33:54.000] [DEBUG] cheese - admin
[2022-03-14T08:33:54.016] [DEBUG] cheese - null
[2022-03-14T08:33:54.016] [DEBUG] cheese - null
